<?xml version="1.0" encoding="UTF-8"?>
<!-- Generated by org.testng.reporters.JUnitXMLReporter -->
<testsuite ignored="2" hostname="LAPTOP-6LP8VVBO" failures="0" tests="1" name="Test" time="22.904" errors="0" timestamp="2025-11-12T19:52:09 IST">
  <testcase classname="campaigntest.CreateCampaignTest" name="createCampaignWithMandatoryFieldsTest" time="3.088"/>
  <testcase classname="campaigntest.CreateCampaignTest" name="createCampaignWithExpectedCloseDateTest" time="0.0">
    <ignored/>
  </testcase> <!-- createCampaignWithExpectedCloseDateTest -->
  <testcase classname="campaigntest.CreateCampaignTest" name="createCampaignWithStatusTest" time="0.0">
    <ignored/>
  </testcase> <!-- createCampaignWithStatusTest -->
</testsuite> <!-- Test -->
