<?xml version="1.0" encoding="UTF-8"?>
<testng-results ignored="0" total="1" passed="1" failed="0" skipped="0">
  <reporter-output>
  </reporter-output>
  <suite started-at="2025-11-12T19:51:46 IST" name="Suite" finished-at="2025-11-12T19:52:09 IST" duration-ms="22904">
    <groups>
      <group name="smoke">
        <method signature="CreateCampaignTest.createCampaignWithMandatoryFieldsTest()[pri:0, instance:campaigntest.CreateCampaignTest@f2ff811]" name="createCampaignWithMandatoryFieldsTest" class="campaigntest.CreateCampaignTest"/>
      </group> <!-- smoke -->
    </groups>
    <test started-at="2025-11-12T19:51:46 IST" name="Test" finished-at="2025-11-12T19:52:09 IST" duration-ms="22904">
      <class name="campaigntest.CreateCampaignTest">
        <test-method is-config="true" signature="beforeSuite()[pri:0, instance:campaigntest.CreateCampaignTest@f2ff811]" started-at="2025-11-12T19:51:46 IST" name="beforeSuite" finished-at="2025-11-12T19:51:46 IST" duration-ms="24" status="PASS">
          <reporter-output>
          </reporter-output>
        </test-method> <!-- beforeSuite -->
        <test-method is-config="true" signature="beforeTest()[pri:0, instance:campaigntest.CreateCampaignTest@f2ff811]" started-at="2025-11-12T19:51:46 IST" name="beforeTest" finished-at="2025-11-12T19:51:46 IST" duration-ms="0" status="PASS">
          <reporter-output>
          </reporter-output>
        </test-method> <!-- beforeTest -->
        <test-method is-config="true" signature="beforeClass()[pri:0, instance:campaigntest.CreateCampaignTest@f2ff811]" started-at="2025-11-12T19:51:46 IST" name="beforeClass" finished-at="2025-11-12T19:52:03 IST" duration-ms="16589" status="PASS">
          <reporter-output>
          </reporter-output>
        </test-method> <!-- beforeClass -->
        <test-method is-config="true" signature="beforeMethod()[pri:0, instance:campaigntest.CreateCampaignTest@f2ff811]" started-at="2025-11-12T19:52:03 IST" name="beforeMethod" finished-at="2025-11-12T19:52:04 IST" duration-ms="1624" status="PASS">
          <reporter-output>
          </reporter-output>
        </test-method> <!-- beforeMethod -->
        <test-method signature="createCampaignWithMandatoryFieldsTest()[pri:0, instance:campaigntest.CreateCampaignTest@f2ff811]" started-at="2025-11-12T19:52:04 IST" name="createCampaignWithMandatoryFieldsTest" finished-at="2025-11-12T19:52:07 IST" duration-ms="3088" status="PASS">
          <reporter-output>
          </reporter-output>
        </test-method> <!-- createCampaignWithMandatoryFieldsTest -->
        <test-method is-config="true" signature="afterMethod()[pri:0, instance:campaigntest.CreateCampaignTest@f2ff811]" started-at="2025-11-12T19:52:07 IST" name="afterMethod" finished-at="2025-11-12T19:52:09 IST" duration-ms="1208" status="PASS">
          <reporter-output>
          </reporter-output>
        </test-method> <!-- afterMethod -->
        <test-method is-config="true" signature="afterClass()[pri:0, instance:campaigntest.CreateCampaignTest@f2ff811]" started-at="2025-11-12T19:52:09 IST" name="afterClass" finished-at="2025-11-12T19:52:09 IST" duration-ms="301" status="PASS">
          <reporter-output>
          </reporter-output>
        </test-method> <!-- afterClass -->
        <test-method is-config="true" signature="afterTest()[pri:0, instance:campaigntest.CreateCampaignTest@f2ff811]" started-at="2025-11-12T19:52:09 IST" name="afterTest" finished-at="2025-11-12T19:52:09 IST" duration-ms="1" status="PASS">
          <reporter-output>
          </reporter-output>
        </test-method> <!-- afterTest -->
        <test-method is-config="true" signature="afterSuite()[pri:0, instance:campaigntest.CreateCampaignTest@f2ff811]" started-at="2025-11-12T19:52:09 IST" name="afterSuite" finished-at="2025-11-12T19:52:09 IST" duration-ms="1" status="PASS">
          <reporter-output>
          </reporter-output>
        </test-method> <!-- afterSuite -->
      </class> <!-- campaigntest.CreateCampaignTest -->
    </test> <!-- Test -->
  </suite> <!-- Suite -->
</testng-results>
