<?xml version="1.0" encoding="UTF-8"?>
<!-- Generated by org.testng.reporters.JUnitReportReporter -->
<testsuite hostname="LAPTOP-6LP8VVBO" failures="0" tests="3" name="practice.NewTest1" time="0.012" errors="0" timestamp="2025-10-31T14:47:33 IST" skipped="0">
  <testcase classname="practice.NewTest1" name="deleteProduct" time="0.005"/>
  <testcase classname="practice.NewTest1" name="productCreation" time="0.002">
    <system-out>
      <![CDATA[productCreation]]>
    </system-out>
  </testcase> <!-- productCreation -->
  <testcase classname="practice.NewTest1" name="updateProduct" time="0.005">
    <system-out>
      <![CDATA[updateProduct]]>
    </system-out>
  </testcase> <!-- updateProduct -->
  <system-out>
    <![CDATA[productCreation
productCreation
productCreation
productCreation
productCreation
productCreation
updateProduct]]>
  </system-out>
</testsuite> <!-- practice.NewTest1 -->
