<?xml version="1.0" encoding="UTF-8"?>
<!-- Generated by org.testng.reporters.JUnitReportReporter -->
<testsuite hostname="LAPTOP-6LP8VVBO" failures="0" tests="2" name="practice.WorkingWithAnnotations" time="0.015" errors="0" timestamp="2025-10-31T14:47:33 IST" skipped="0">
  <testcase classname="practice.WorkingWithAnnotations" name="test1" time="0.011"/>
  <testcase classname="practice.WorkingWithAnnotations" name="test2" time="0.004"/>
  <system-out>
    <![CDATA[productCreation
productCreation
productCreation
productCreation
productCreation
productCreation
updateProduct]]>
  </system-out>
</testsuite> <!-- practice.WorkingWithAnnotations -->
