<?xml version="1.0" encoding="UTF-8"?>
<!-- Generated by org.testng.reporters.JUnitReportReporter -->
<testsuite hostname="LAPTOP-6LP8VVBO" failures="0" tests="5" name="practice.NewTest" time="23.752" errors="0" timestamp="2025-10-31T14:47:33 IST" skipped="0">
  <testcase classname="practice.NewTest" name="deleteproduct" time="5.074">
    <system-out>
      <![CDATA[productCreation]]>
    </system-out>
  </testcase> <!-- deleteproduct -->
  <testcase classname="practice.NewTest" name="deleteproduct" time="5.058">
    <system-out>
      <![CDATA[productCreation]]>
    </system-out>
  </testcase> <!-- deleteproduct -->
  <testcase classname="practice.NewTest" name="deleteproduct" time="5.012">
    <system-out>
      <![CDATA[productCreation]]>
    </system-out>
  </testcase> <!-- deleteproduct -->
  <testcase classname="practice.NewTest" name="deleteproduct" time="4.374">
    <system-out>
      <![CDATA[productCreation]]>
    </system-out>
  </testcase> <!-- deleteproduct -->
  <testcase classname="practice.NewTest" name="deleteproduct" time="4.234">
    <system-out>
      <![CDATA[productCreation]]>
    </system-out>
  </testcase> <!-- deleteproduct -->
  <system-out>
    <![CDATA[productCreation
productCreation
productCreation
productCreation
productCreation
productCreation
updateProduct]]>
  </system-out>
</testsuite> <!-- practice.NewTest -->
